[35m[Appium][39m Welcome to Appium v1.22.3
[35m[Appium][39m Non-default server args:
[35m[Appium][39m   port: 62590
[35m[Appium][39m   loglevel: info
[35m[Appium][39m   tmpDir: C:\Users\USERPC~1\AppData\Local\Temp\\Katalon\Appium\Temp1655019925926
[35m[Appium][39m   chromedriverPort: 62591
[35m[Appium][39m Deprecated server args:
[35m[Appium][39m   [31m--chromedriver-port[39m => --default-capabilities
[35m[Appium][39m Default capabilities, which will be added to each request unless overridden by desired capabilities:
[35m[Appium][39m   chromedriverPort: 62591
[35m[Appium][39m Appium REST http interface listener started on 0.0.0.0:62590
[35m[HTTP][39m [37m-->[39m [37mGET[39m [37m/wd/hub/status[39m
[35m[HTTP][39m [90m{}[39m
[35m[HTTP][39m [37m<-- GET /wd/hub/status [39m[32m200[39m [90m10 ms - 68[39m
[35m[HTTP][39m [90m[39m
[35m[HTTP][39m [37m-->[39m [37mGET[39m [37m/wd/hub/status[39m
[35m[HTTP][39m [90m{}[39m
[35m[HTTP][39m [37m<-- GET /wd/hub/status [39m[32m200[39m [90m2 ms - 68[39m
[35m[HTTP][39m [90m[39m
[35m[HTTP][39m [37m-->[39m [37mPOST[39m [37m/wd/hub/session[39m
[35m[HTTP][39m [90m{"desiredCapabilities":{"app":"C:\\Users\\user pc\\Katalon Studio\\ShopSamsung\\SamsungApp\\Shop Samsung_v1.0.29030.apk","noReset":true,"appWaitActivity":"*","deviceId":"","deviceName":"samsung SM-P205 (Android 11)","fullReset":false,"platform":"ANDROID","newCommandTimeout":1800,"platformVersion":"11","automationName":"uiautomator2","autoGrantPermissions":true,"platformName":"Android","udid":"RR2M500J5QY","systemPort":62596},"capabilities":{"firstMatch":[{"appium:app":"C:\\Users\\user pc\\Katalon Studio\\ShopSamsung\\SamsungApp\\Shop Samsung_v1.0.29030.apk","appium:appWaitActivity":"*","appium:autoGrantPermissions":true,"appium:automationName":"uiautomator2","deviceId":"","appium:deviceName":"samsung SM-P205 (Android 11)","appium:fullReset":false,"appium:newCommandTimeout":1800,"appium:noReset":true,"platform":"ANDROID","platformName":"android","appium:platformVersion":"11","appium:systemPort":62596,"appium:udid":"RR2M500J5QY"}]}}[39m
[35m[BaseDriver][39m The following capabilities are not standard capabilities and should have an extension prefix:
[35m[BaseDriver][39m   deviceId
[35m[BaseDriver][39m   platform
[35m[BaseDriver][39m   chromedriverPort
[35m[Appium][39m Appium v1.22.3 creating new AndroidUiautomator2Driver (v1.70.1) session
[35m[BaseDriver][39m The following capabilities were provided, but are not recognized by Appium:
[35m[BaseDriver][39m   deviceId
[35m[BaseDriver][39m   platform
[35m[BaseDriver][39m Session created with session id: bec072f7-6e48-4727-8cac-873537c7e641
[35m[BaseDriver][39m Using local app 'C:\Users\user pc\Katalon Studio\ShopSamsung\SamsungApp\Shop Samsung_v1.0.29030.apk'
[35m[ADB][39m Found 3 'build-tools' folders under 'C:\Users\user pc\AppData\Local\Android\Sdk' (newest first):
[35m[ADB][39m     C:/Users/user pc/AppData/Local/Android/Sdk/build-tools/33.0.0-rc4
[35m[ADB][39m     C:/Users/user pc/AppData/Local/Android/Sdk/build-tools/32.1.0-rc1
[35m[ADB][39m     C:/Users/user pc/AppData/Local/Android/Sdk/build-tools/32.0.0
[35m[ADB][39m Using 'adb.exe' from 'C:\Users\user pc\AppData\Local\Android\Sdk\platform-tools\adb.exe'
[35m[AndroidDriver][39m Retrieving device list
[35m[AndroidDriver][39m Using device: RR2M500J5QY
[35m[ADB][39m Using 'adb.exe' from 'C:\Users\user pc\AppData\Local\Android\Sdk\platform-tools\adb.exe'
[35m[ADB][39m Getting device platform version
[35m[UiAutomator2][39m Relaxing hidden api policy
[35m[ADB][39m Package name: 'com.samsung.ecomm'
[35m[ADB][39m Main activity name: 'com.samsung.ecomm.MainActivity'
[35m[ADB][39m Using 'apksigner.jar' from 'C:\Users\user pc\AppData\Local\Android\Sdk\build-tools\33.0.0-rc4\lib\apksigner.jar'
[35m[ADB][39m 'C:\Users\user pc\AppData\Roaming\npm\node_modules\appium\node_modules\appium-uiautomator2-server\apks\appium-uiautomator2-server-v4.27.0.apk' is signed with the default certificate
[35m[ADB][39m 'C:\Users\user pc\AppData\Roaming\npm\node_modules\appium\node_modules\appium-uiautomator2-server\apks\appium-uiautomator2-server-debug-androidTest.apk' is signed with the default certificate
[35m[UiAutomator2][39m Server packages are not going to be (re)installed
[35m[ADB][39m Adding packages ["io.appium.settings","io.appium.uiautomator2.server","io.appium.uiautomator2.server.test"] to Doze whitelist
[35m[ADB][39m 'C:\Users\user pc\Katalon Studio\ShopSamsung\SamsungApp\Shop Samsung_v1.0.29030.apk' is signed with a non-default certificate
[35m[ADB][39m The application at 'C:\Users\user pc\Katalon Studio\ShopSamsung\SamsungApp\Shop Samsung_v1.0.29030.apk' will not be cached, because the device under test has confirmed the support of streamed installs
[35m[ADB][39m The installation of 'Shop Samsung_v1.0.29030.apk' took 25957ms
[35m[UiAutomator2][39m Starting UIAutomator2 server 4.27.0
[35m[UiAutomator2][39m Using UIAutomator2 server from 'C:\Users\user pc\AppData\Roaming\npm\node_modules\appium\node_modules\appium-uiautomator2-server\apks\appium-uiautomator2-server-v4.27.0.apk' and test from 'C:\Users\user pc\AppData\Roaming\npm\node_modules\appium\node_modules\appium-uiautomator2-server\apks\appium-uiautomator2-server-debug-androidTest.apk'
[35m[UiAutomator2][39m Waiting up to 30000ms for UiAutomator2 to be online...
[35m[WD Proxy][39m socket hang up
[35m[WD Proxy][39m socket hang up
[35m[WD Proxy][39m socket hang up
[35m[WD Proxy][39m socket hang up
[35m[WD Proxy][39m socket hang up
[35m[WD Proxy][39m Determined the downstream protocol as 'W3C'
[35m[AndroidDriver][39m Screen already unlocked, doing nothing
[35m[UiAutomator2][39m Starting 'com.samsung.ecomm/com.samsung.ecomm.MainActivity and waiting for 'com.samsung.ecomm/*'
[35m[Appium][39m New AndroidUiautomator2Driver session created successfully, session bec072f7-6e48-4727-8cac-873537c7e641 added to master session list
[35m[HTTP][39m [37m<-- POST /wd/hub/session [39m[32m200[39m [90m47255 ms - 1398[39m
[35m[HTTP][39m [90m[39m
[35m[HTTP][39m [37m-->[39m [37mGET[39m [37m/wd/hub/session/bec072f7-6e48-4727-8cac-873537c7e641[39m
[35m[HTTP][39m [90m{}[39m
[35m[HTTP][39m [37m<-- GET /wd/hub/session/bec072f7-6e48-4727-8cac-873537c7e641 [39m[32m200[39m [90m28 ms - 1352[39m
[35m[HTTP][39m [90m[39m
[35m[HTTP][39m [37m-->[39m [37mGET[39m [37m/wd/hub/session/bec072f7-6e48-4727-8cac-873537c7e641[39m
[35m[HTTP][39m [90m{}[39m
[35m[HTTP][39m [37m<-- GET /wd/hub/session/bec072f7-6e48-4727-8cac-873537c7e641 [39m[32m200[39m [90m22 ms - 1352[39m
[35m[HTTP][39m [90m[39m
[35m[HTTP][39m [37m-->[39m [37mGET[39m [37m/wd/hub/status[39m
[35m[HTTP][39m [90m{}[39m
[35m[HTTP][39m [37m<-- GET /wd/hub/status [39m[32m200[39m [90m1 ms - 68[39m
[35m[HTTP][39m [90m[39m
[35m[HTTP][39m [37m-->[39m [37mPOST[39m [37m/wd/hub/session/bec072f7-6e48-4727-8cac-873537c7e641/timeouts[39m
[35m[HTTP][39m [90m{"implicit":60000}[39m
[35m[HTTP][39m [37m<-- POST /wd/hub/session/bec072f7-6e48-4727-8cac-873537c7e641/timeouts [39m[32m200[39m [90m4 ms - 14[39m
[35m[HTTP][39m [90m[39m
[35m[HTTP][39m [37m-->[39m [37mGET[39m [37m/wd/hub/session/bec072f7-6e48-4727-8cac-873537c7e641/source[39m
[35m[HTTP][39m [90m{}[39m
[35m[W3C (bec072f7)][39m Driver proxy active, passing request on via HTTP proxy
[35m[WD Proxy][39m Replacing sessionId 8ee8dc52-57e3-44ca-9441-bdbd0c8b0c74 with bec072f7-6e48-4727-8cac-873537c7e641
[35m[HTTP][39m [37m<-- GET /wd/hub/session/bec072f7-6e48-4727-8cac-873537c7e641/source [39m[32m200[39m [90m666 ms - 7781[39m
[35m[HTTP][39m [90m[39m
[35m[HTTP][39m [37m-->[39m [37mGET[39m [37m/wd/hub/session/bec072f7-6e48-4727-8cac-873537c7e641/screenshot[39m
[35m[HTTP][39m [90m{}[39m
[35m[HTTP][39m [37m<-- GET /wd/hub/session/bec072f7-6e48-4727-8cac-873537c7e641/screenshot [39m[32m200[39m [90m996 ms - 525536[39m
[35m[HTTP][39m [90m[39m
[35m[HTTP][39m [37m-->[39m [37mGET[39m [37m/wd/hub/session/bec072f7-6e48-4727-8cac-873537c7e641/context[39m
[35m[HTTP][39m [90m{}[39m
[35m[HTTP][39m [37m<-- GET /wd/hub/session/bec072f7-6e48-4727-8cac-873537c7e641/context [39m[32m200[39m [90m9 ms - 22[39m
[35m[HTTP][39m [90m[39m
[35m[HTTP][39m [37m-->[39m [37mGET[39m [37m/wd/hub/session/bec072f7-6e48-4727-8cac-873537c7e641/contexts[39m
[35m[HTTP][39m [90m{}[39m
[35m[HTTP][39m [37m<-- GET /wd/hub/session/bec072f7-6e48-4727-8cac-873537c7e641/contexts [39m[32m200[39m [90m131 ms - 24[39m
[35m[HTTP][39m [90m[39m
[35m[HTTP][39m [37m-->[39m [37mPOST[39m [37m/wd/hub/session/bec072f7-6e48-4727-8cac-873537c7e641/context[39m
[35m[HTTP][39m [90m{"name":"NATIVE_APP"}[39m
[35m[HTTP][39m [37m<-- POST /wd/hub/session/bec072f7-6e48-4727-8cac-873537c7e641/context [39m[32m200[39m [90m3 ms - 14[39m
[35m[HTTP][39m [90m[39m
[35m[HTTP][39m [37m-->[39m [37mPOST[39m [37m/wd/hub/session/bec072f7-6e48-4727-8cac-873537c7e641/touch/perform[39m
[35m[HTTP][39m [90m{"actions":[{"action":"press","options":{"x":500,"y":0}},{"action":"wait","options":{"ms":500}},{"action":"moveTo","options":{"x":0,"y":0}},{"action":"release","options":{}}]}[39m
[35m[HTTP][39m [37m<-- POST /wd/hub/session/bec072f7-6e48-4727-8cac-873537c7e641/touch/perform [39m[32m200[39m [90m1142 ms - 14[39m
[35m[HTTP][39m [90m[39m
[35m[HTTP][39m [37m-->[39m [37mPOST[39m [37m/wd/hub/session/bec072f7-6e48-4727-8cac-873537c7e641/context[39m
[35m[HTTP][39m [90m{"name":"NATIVE_APP"}[39m
[35m[HTTP][39m [37m<-- POST /wd/hub/session/bec072f7-6e48-4727-8cac-873537c7e641/context [39m[32m200[39m [90m1 ms - 14[39m
[35m[HTTP][39m [90m[39m
[35m[HTTP][39m [37m-->[39m [37mGET[39m [37m/wd/hub/session/bec072f7-6e48-4727-8cac-873537c7e641/source[39m
[35m[HTTP][39m [90m{}[39m
[35m[W3C (bec072f7)][39m Driver proxy active, passing request on via HTTP proxy
[35m[WD Proxy][39m Replacing sessionId 8ee8dc52-57e3-44ca-9441-bdbd0c8b0c74 with bec072f7-6e48-4727-8cac-873537c7e641
[35m[HTTP][39m [37m<-- GET /wd/hub/session/bec072f7-6e48-4727-8cac-873537c7e641/source [39m[32m200[39m [90m550 ms - 9607[39m
[35m[HTTP][39m [90m[39m
[35m[HTTP][39m [37m-->[39m [37mGET[39m [37m/wd/hub/session/bec072f7-6e48-4727-8cac-873537c7e641/screenshot[39m
[35m[HTTP][39m [90m{}[39m
[35m[HTTP][39m [37m<-- GET /wd/hub/session/bec072f7-6e48-4727-8cac-873537c7e641/screenshot [39m[32m200[39m [90m708 ms - 126524[39m
[35m[HTTP][39m [90m[39m
[35m[HTTP][39m [37m-->[39m [37mGET[39m [37m/wd/hub/session/bec072f7-6e48-4727-8cac-873537c7e641/context[39m
[35m[HTTP][39m [90m{}[39m
[35m[HTTP][39m [37m<-- GET /wd/hub/session/bec072f7-6e48-4727-8cac-873537c7e641/context [39m[32m200[39m [90m3 ms - 22[39m
[35m[HTTP][39m [90m[39m
[35m[HTTP][39m [37m-->[39m [37mGET[39m [37m/wd/hub/session/bec072f7-6e48-4727-8cac-873537c7e641/contexts[39m
[35m[HTTP][39m [90m{}[39m
[35m[HTTP][39m [37m<-- GET /wd/hub/session/bec072f7-6e48-4727-8cac-873537c7e641/contexts [39m[32m200[39m [90m133 ms - 24[39m
[35m[HTTP][39m [90m[39m
[35m[HTTP][39m [37m-->[39m [37mPOST[39m [37m/wd/hub/session/bec072f7-6e48-4727-8cac-873537c7e641/context[39m
[35m[HTTP][39m [90m{"name":"NATIVE_APP"}[39m
[35m[HTTP][39m [37m<-- POST /wd/hub/session/bec072f7-6e48-4727-8cac-873537c7e641/context [39m[32m200[39m [90m2 ms - 14[39m
[35m[HTTP][39m [90m[39m
[35m[HTTP][39m [37m-->[39m [37mPOST[39m [37m/wd/hub/session/bec072f7-6e48-4727-8cac-873537c7e641/touch/perform[39m
[35m[HTTP][39m [90m{"actions":[{"action":"press","options":{"x":500,"y":0}},{"action":"wait","options":{"ms":500}},{"action":"moveTo","options":{"x":0,"y":0}},{"action":"release","options":{}}]}[39m
[35m[HTTP][39m [37m<-- POST /wd/hub/session/bec072f7-6e48-4727-8cac-873537c7e641/touch/perform [39m[32m200[39m [90m1118 ms - 14[39m
[35m[HTTP][39m [90m[39m
[35m[HTTP][39m [37m-->[39m [37mPOST[39m [37m/wd/hub/session/bec072f7-6e48-4727-8cac-873537c7e641/context[39m
[35m[HTTP][39m [90m{"name":"NATIVE_APP"}[39m
[35m[HTTP][39m [37m<-- POST /wd/hub/session/bec072f7-6e48-4727-8cac-873537c7e641/context [39m[32m200[39m [90m1 ms - 14[39m
[35m[HTTP][39m [90m[39m
[35m[HTTP][39m [37m-->[39m [37mGET[39m [37m/wd/hub/session/bec072f7-6e48-4727-8cac-873537c7e641/source[39m
[35m[HTTP][39m [90m{}[39m
[35m[W3C (bec072f7)][39m Driver proxy active, passing request on via HTTP proxy
[35m[WD Proxy][39m Replacing sessionId 8ee8dc52-57e3-44ca-9441-bdbd0c8b0c74 with bec072f7-6e48-4727-8cac-873537c7e641
[35m[HTTP][39m [37m<-- GET /wd/hub/session/bec072f7-6e48-4727-8cac-873537c7e641/source [39m[32m200[39m [90m1417 ms - 18118[39m
[35m[HTTP][39m [90m[39m
[35m[HTTP][39m [37m-->[39m [37mGET[39m [37m/wd/hub/session/bec072f7-6e48-4727-8cac-873537c7e641/screenshot[39m
[35m[HTTP][39m [90m{}[39m
[35m[HTTP][39m [37m<-- GET /wd/hub/session/bec072f7-6e48-4727-8cac-873537c7e641/screenshot [39m[32m200[39m [90m653 ms - 59844[39m
[35m[HTTP][39m [90m[39m
[35m[HTTP][39m [37m-->[39m [37mPOST[39m [37m/wd/hub/session/bec072f7-6e48-4727-8cac-873537c7e641/elements[39m
[35m[HTTP][39m [90m{"using":"xpath","value":"//*[@class = 'android.widget.LinearLayout' and (@text = '' or . = '')]"}[39m
[35m[HTTP][39m [37m<-- POST /wd/hub/session/bec072f7-6e48-4727-8cac-873537c7e641/elements [39m[32m200[39m [90m632 ms - 1163[39m
[35m[HTTP][39m [90m[39m
[35m[HTTP][39m [37m-->[39m [37mPOST[39m [37m/wd/hub/session/bec072f7-6e48-4727-8cac-873537c7e641/elements[39m
[35m[HTTP][39m [90m{"using":"accessibility id","value":"Shop"}[39m
[35m[HTTP][39m [37m<-- POST /wd/hub/session/bec072f7-6e48-4727-8cac-873537c7e641/elements [39m[32m200[39m [90m64 ms - 139[39m
[35m[HTTP][39m [90m[39m
[35m[HTTP][39m [37m-->[39m [37mGET[39m [37m/wd/hub/session/bec072f7-6e48-4727-8cac-873537c7e641/window/rect[39m
[35m[HTTP][39m [90m{}[39m
[35m[HTTP][39m [37m<-- GET /wd/hub/session/bec072f7-6e48-4727-8cac-873537c7e641/window/rect [39m[32m200[39m [90m17 ms - 50[39m
[35m[HTTP][39m [90m[39m
[35m[HTTP][39m [37m-->[39m [37mPOST[39m [37m/wd/hub/session/bec072f7-6e48-4727-8cac-873537c7e641/elements[39m
[35m[HTTP][39m [90m{"using":"accessibility id","value":"Shop"}[39m
[35m[HTTP][39m [37m<-- POST /wd/hub/session/bec072f7-6e48-4727-8cac-873537c7e641/elements [39m[32m200[39m [90m55 ms - 139[39m
[35m[HTTP][39m [90m[39m
[35m[HTTP][39m [37m-->[39m [37mGET[39m [37m/wd/hub/session/bec072f7-6e48-4727-8cac-873537c7e641/element/00000000-0000-0361-ffff-ffff00000018/location[39m
[35m[HTTP][39m [90m{}[39m
[35m[W3C (bec072f7)][39m Driver proxy active, passing request on via HTTP proxy
[35m[WD Proxy][39m Replacing sessionId 8ee8dc52-57e3-44ca-9441-bdbd0c8b0c74 with bec072f7-6e48-4727-8cac-873537c7e641
[35m[HTTP][39m [37m<-- GET /wd/hub/session/bec072f7-6e48-4727-8cac-873537c7e641/element/00000000-0000-0361-ffff-ffff00000018/location [39m[32m200[39m [90m31 ms - 78[39m
[35m[HTTP][39m [90m[39m
[35m[HTTP][39m [37m-->[39m [37mPOST[39m [37m/wd/hub/session/bec072f7-6e48-4727-8cac-873537c7e641/element/00000000-0000-0361-ffff-ffff00000018/click[39m
[35m[HTTP][39m [90m{"id":"00000000-0000-0361-ffff-ffff00000018"}[39m
[35m[HTTP][39m [37m<-- POST /wd/hub/session/bec072f7-6e48-4727-8cac-873537c7e641/element/00000000-0000-0361-ffff-ffff00000018/click [39m[32m200[39m [90m1046 ms - 14[39m
[35m[HTTP][39m [90m[39m
[35m[HTTP][39m [37m-->[39m [37mGET[39m [37m/wd/hub/session/bec072f7-6e48-4727-8cac-873537c7e641/source[39m
[35m[HTTP][39m [90m{}[39m
[35m[W3C (bec072f7)][39m Driver proxy active, passing request on via HTTP proxy
[35m[WD Proxy][39m Replacing sessionId 8ee8dc52-57e3-44ca-9441-bdbd0c8b0c74 with bec072f7-6e48-4727-8cac-873537c7e641
[35m[HTTP][39m [37m<-- GET /wd/hub/session/bec072f7-6e48-4727-8cac-873537c7e641/source [39m[32m200[39m [90m903 ms - 15537[39m
[35m[HTTP][39m [90m[39m
[35m[HTTP][39m [37m-->[39m [37mGET[39m [37m/wd/hub/session/bec072f7-6e48-4727-8cac-873537c7e641/screenshot[39m
[35m[HTTP][39m [90m{}[39m
[35m[HTTP][39m [37m<-- GET /wd/hub/session/bec072f7-6e48-4727-8cac-873537c7e641/screenshot [39m[32m200[39m [90m649 ms - 46324[39m
[35m[HTTP][39m [90m[39m
[35m[HTTP][39m [37m-->[39m [37mPOST[39m [37m/wd/hub/session/bec072f7-6e48-4727-8cac-873537c7e641/elements[39m
[35m[HTTP][39m [90m{"using":"xpath","value":"//*[@class = 'android.widget.TextView' and (@text = 'SHOP' or . = 'SHOP')]"}[39m
[35m[HTTP][39m [37m<-- POST /wd/hub/session/bec072f7-6e48-4727-8cac-873537c7e641/elements [39m[32m200[39m [90m256 ms - 139[39m
[35m[HTTP][39m [90m[39m
[35m[HTTP][39m [37m-->[39m [37mGET[39m [37m/wd/hub/session/bec072f7-6e48-4727-8cac-873537c7e641/window/rect[39m
[35m[HTTP][39m [90m{}[39m
[35m[HTTP][39m [37m<-- GET /wd/hub/session/bec072f7-6e48-4727-8cac-873537c7e641/window/rect [39m[32m200[39m [90m25 ms - 50[39m
[35m[HTTP][39m [90m[39m
[35m[HTTP][39m [37m-->[39m [37mPOST[39m [37m/wd/hub/session/bec072f7-6e48-4727-8cac-873537c7e641/elements[39m
[35m[HTTP][39m [90m{"using":"xpath","value":"//*[@class = 'android.widget.TextView' and (@text = 'SHOP' or . = 'SHOP')]"}[39m
[35m[HTTP][39m [37m<-- POST /wd/hub/session/bec072f7-6e48-4727-8cac-873537c7e641/elements [39m[32m200[39m [90m625 ms - 139[39m
[35m[HTTP][39m [90m[39m
[35m[HTTP][39m [37m-->[39m [37mGET[39m [37m/wd/hub/session/bec072f7-6e48-4727-8cac-873537c7e641/element/00000000-0000-0361-ffff-ffff0000001a/location[39m
[35m[HTTP][39m [90m{}[39m
[35m[W3C (bec072f7)][39m Driver proxy active, passing request on via HTTP proxy
[35m[WD Proxy][39m Replacing sessionId 8ee8dc52-57e3-44ca-9441-bdbd0c8b0c74 with bec072f7-6e48-4727-8cac-873537c7e641
[35m[HTTP][39m [37m<-- GET /wd/hub/session/bec072f7-6e48-4727-8cac-873537c7e641/element/00000000-0000-0361-ffff-ffff0000001a/location [39m[32m200[39m [90m18 ms - 78[39m
[35m[HTTP][39m [90m[39m
[35m[HTTP][39m [37m-->[39m [37mPOST[39m [37m/wd/hub/session/bec072f7-6e48-4727-8cac-873537c7e641/element/00000000-0000-0361-ffff-ffff0000001a/click[39m
[35m[HTTP][39m [90m{"id":"00000000-0000-0361-ffff-ffff0000001a"}[39m
[35m[HTTP][39m [37m<-- POST /wd/hub/session/bec072f7-6e48-4727-8cac-873537c7e641/element/00000000-0000-0361-ffff-ffff0000001a/click [39m[32m200[39m [90m56 ms - 14[39m
[35m[HTTP][39m [90m[39m
[35m[HTTP][39m [37m-->[39m [37mGET[39m [37m/wd/hub/session/bec072f7-6e48-4727-8cac-873537c7e641/source[39m
[35m[HTTP][39m [90m{}[39m
[35m[W3C (bec072f7)][39m Driver proxy active, passing request on via HTTP proxy
[35m[WD Proxy][39m Replacing sessionId 8ee8dc52-57e3-44ca-9441-bdbd0c8b0c74 with bec072f7-6e48-4727-8cac-873537c7e641
[35m[HTTP][39m [37m<-- GET /wd/hub/session/bec072f7-6e48-4727-8cac-873537c7e641/source [39m[32m200[39m [90m169 ms - 15537[39m
[35m[HTTP][39m [90m[39m
[35m[HTTP][39m [37m-->[39m [37mGET[39m [37m/wd/hub/session/bec072f7-6e48-4727-8cac-873537c7e641/screenshot[39m
[35m[HTTP][39m [90m{}[39m
[35m[HTTP][39m [37m<-- GET /wd/hub/session/bec072f7-6e48-4727-8cac-873537c7e641/screenshot [39m[32m200[39m [90m658 ms - 46324[39m
[35m[HTTP][39m [90m[39m
[35m[HTTP][39m [37m-->[39m [37mPOST[39m [37m/wd/hub/session/bec072f7-6e48-4727-8cac-873537c7e641/elements[39m
[35m[HTTP][39m [90m{"using":"xpath","value":"//*[@class = 'android.widget.TextView' and (@text = 'SHOP' or . = 'SHOP')]"}[39m
[35m[HTTP][39m [37m<-- POST /wd/hub/session/bec072f7-6e48-4727-8cac-873537c7e641/elements [39m[32m200[39m [90m327 ms - 139[39m
[35m[HTTP][39m [90m[39m
[35m[HTTP][39m [37m-->[39m [37mGET[39m [37m/wd/hub/session/bec072f7-6e48-4727-8cac-873537c7e641/window/rect[39m
[35m[HTTP][39m [90m{}[39m
[35m[HTTP][39m [37m<-- GET /wd/hub/session/bec072f7-6e48-4727-8cac-873537c7e641/window/rect [39m[32m200[39m [90m12 ms - 50[39m
[35m[HTTP][39m [90m[39m
[35m[HTTP][39m [37m-->[39m [37mPOST[39m [37m/wd/hub/session/bec072f7-6e48-4727-8cac-873537c7e641/elements[39m
[35m[HTTP][39m [90m{"using":"xpath","value":"//*[@class = 'android.widget.TextView' and (@text = 'SHOP' or . = 'SHOP')]"}[39m
[35m[HTTP][39m [37m<-- POST /wd/hub/session/bec072f7-6e48-4727-8cac-873537c7e641/elements [39m[32m200[39m [90m196 ms - 139[39m
[35m[HTTP][39m [90m[39m
[35m[HTTP][39m [37m-->[39m [37mGET[39m [37m/wd/hub/session/bec072f7-6e48-4727-8cac-873537c7e641/element/00000000-0000-0361-ffff-ffff0000001a/location[39m
[35m[HTTP][39m [90m{}[39m
[35m[W3C (bec072f7)][39m Driver proxy active, passing request on via HTTP proxy
[35m[WD Proxy][39m Replacing sessionId 8ee8dc52-57e3-44ca-9441-bdbd0c8b0c74 with bec072f7-6e48-4727-8cac-873537c7e641
[35m[HTTP][39m [37m<-- GET /wd/hub/session/bec072f7-6e48-4727-8cac-873537c7e641/element/00000000-0000-0361-ffff-ffff0000001a/location [39m[32m200[39m [90m16 ms - 78[39m
[35m[HTTP][39m [90m[39m
[35m[HTTP][39m [37m-->[39m [37mPOST[39m [37m/wd/hub/session/bec072f7-6e48-4727-8cac-873537c7e641/element/00000000-0000-0361-ffff-ffff0000001a/click[39m
[35m[HTTP][39m [90m{"id":"00000000-0000-0361-ffff-ffff0000001a"}[39m
[35m[HTTP][39m [37m<-- POST /wd/hub/session/bec072f7-6e48-4727-8cac-873537c7e641/element/00000000-0000-0361-ffff-ffff0000001a/click [39m[32m200[39m [90m63 ms - 14[39m
[35m[HTTP][39m [90m[39m
[35m[HTTP][39m [37m-->[39m [37mGET[39m [37m/wd/hub/session/bec072f7-6e48-4727-8cac-873537c7e641/source[39m
[35m[HTTP][39m [90m{}[39m
[35m[W3C (bec072f7)][39m Driver proxy active, passing request on via HTTP proxy
[35m[WD Proxy][39m Replacing sessionId 8ee8dc52-57e3-44ca-9441-bdbd0c8b0c74 with bec072f7-6e48-4727-8cac-873537c7e641
[35m[HTTP][39m [37m<-- GET /wd/hub/session/bec072f7-6e48-4727-8cac-873537c7e641/source [39m[32m200[39m [90m351 ms - 21454[39m
[35m[HTTP][39m [90m[39m
[35m[HTTP][39m [37m-->[39m [37mGET[39m [37m/wd/hub/session/bec072f7-6e48-4727-8cac-873537c7e641/screenshot[39m
[35m[HTTP][39m [90m{}[39m
[35m[HTTP][39m [37m<-- GET /wd/hub/session/bec072f7-6e48-4727-8cac-873537c7e641/screenshot [39m[32m200[39m [90m864 ms - 561650[39m
[35m[HTTP][39m [90m[39m
[35m[HTTP][39m [37m-->[39m [37mDELETE[39m [37m/wd/hub/session/bec072f7-6e48-4727-8cac-873537c7e641[39m
[35m[HTTP][39m [90m{}[39m
[35m[Appium][39m Removing session bec072f7-6e48-4727-8cac-873537c7e641 from our master session list
[35m[UiAutomator2][39m Restoring hidden api policy to the device default configuration
[35m[HTTP][39m [37m<-- DELETE /wd/hub/session/bec072f7-6e48-4727-8cac-873537c7e641 [39m[32m200[39m [90m645 ms - 14[39m
[35m[HTTP][39m [90m[39m
